# JRE version: OpenJDK Runtime Environment (17.0.10) (build 17.0.10+0--11572160)
# Java VM: OpenJDK 64-Bit Server VM (17.0.10+0--11572160, mixed mode, tiered, compressed oops, compressed class ptrs, g1 gc, windows-amd64)
GC Precious Log:
 CPUs: 12 total, 12 available
 Memory: 7813M
 Large Page Support: Disabled
 NUMA Support: Disabled
 Compressed Oops: Enabled (32-bit)
 Heap Region Size: 1M
 Heap Min Capacity: 8M
 Heap Initial Capacity: 124M
 Heap Max Capacity: 2G
 Pre-touch: Disabled
 Parallel Workers: 10
 Concurrent Workers: 3
 Concurrent Refinement Workers: 10
 Periodic GC: Disabled
Heap:
 garbage-first heap   total 281600K, used 142294K [0x0000000080000000, 0x0000000100000000)
  region size 1024K, 9 young (9216K), 9 survivors (9216K)
 Metaspace       used 153128K, committed 154176K, reserved 1245184K
  class space    used 21038K, committed 21504K, reserved 1048576K
GC Heap History (20 events):
Event: 770.960 GC heap after
{Heap after GC invocations=53 (full 0):
 garbage-first heap   total 268288K, used 115716K [0x0000000080000000, 0x0000000100000000)
  region size 1024K, 2 young (2048K), 2 survivors (2048K)
 Metaspace       used 149372K, committed 150208K, reserved 1179648K
  class space    used 20818K, committed 21248K, reserved 1048576K
}
Event: 773.864 GC heap before
{Heap before GC invocations=53 (full 0):
 garbage-first heap   total 268288K, used 202756K [0x0000000080000000, 0x0000000100000000)
  region size 1024K, 88 young (90112K), 2 survivors (2048K)
 Metaspace       used 150129K, committed 151040K, reserved 1179648K
  class space    used 20841K, committed 21248K, reserved 1048576K
}
Event: 773.889 GC heap after
{Heap after GC invocations=54 (full 0):
 garbage-first heap   total 268288K, used 127573K [0x0000000080000000, 0x0000000100000000)
  region size 1024K, 13 young (13312K), 13 survivors (13312K)
 Metaspace       used 150129K, committed 151040K, reserved 1179648K
  class space    used 20841K, committed 21248K, reserved 1048576K
}
Event: 774.637 GC heap before
{Heap before GC invocations=55 (full 0):
 garbage-first heap   total 268288K, used 238165K [0x0000000080000000, 0x0000000100000000)
  region size 1024K, 103 young (105472K), 13 survivors (13312K)
 Metaspace       used 150665K, committed 151616K, reserved 1245184K
  class space    used 20849K, committed 21312K, reserved 1048576K
}
Event: 774.689 GC heap after
{Heap after GC invocations=56 (full 0):
 garbage-first heap   total 268288K, used 128532K [0x0000000080000000, 0x0000000100000000)
  region size 1024K, 3 young (3072K), 3 survivors (3072K)
 Metaspace       used 150665K, committed 151616K, reserved 1245184K
  class space    used 20849K, committed 21312K, reserved 1048576K
}
Event: 1153.540 GC heap before
{Heap before GC invocations=56 (full 0):
 garbage-first heap   total 268288K, used 138772K [0x0000000080000000, 0x0000000100000000)
  region size 1024K, 13 young (13312K), 3 survivors (3072K)
 Metaspace       used 150716K, committed 151680K, reserved 1245184K
  class space    used 20851K, committed 21312K, reserved 1048576K
}
Event: 1153.647 GC heap after
{Heap after GC invocations=57 (full 0):
 garbage-first heap   total 268288K, used 124874K [0x0000000080000000, 0x0000000100000000)
  region size 1024K, 1 young (1024K), 1 survivors (1024K)
 Metaspace       used 150716K, committed 151680K, reserved 1245184K
  class space    used 20851K, committed 21312K, reserved 1048576K
}
Event: 1199.993 GC heap before
{Heap before GC invocations=57 (full 0):
 garbage-first heap   total 268288K, used 208842K [0x0000000080000000, 0x0000000100000000)
  region size 1024K, 85 young (87040K), 1 survivors (1024K)
 Metaspace       used 151146K, committed 152064K, reserved 1245184K
  class space    used 20877K, committed 21312K, reserved 1048576K
}
Event: 1200.082 GC heap after
{Heap after GC invocations=58 (full 0):
 garbage-first heap   total 268288K, used 136612K [0x0000000080000000, 0x0000000100000000)
  region size 1024K, 12 young (12288K), 12 survivors (12288K)
 Metaspace       used 151146K, committed 152064K, reserved 1245184K
  class space    used 20877K, committed 21312K, reserved 1048576K
}
Event: 1200.758 GC heap before
{Heap before GC invocations=59 (full 0):
 garbage-first heap   total 281600K, used 219556K [0x0000000080000000, 0x0000000100000000)
  region size 1024K, 92 young (94208K), 12 survivors (12288K)
 Metaspace       used 151557K, committed 152576K, reserved 1245184K
  class space    used 20907K, committed 21376K, reserved 1048576K
}
Event: 1200.823 GC heap after
{Heap after GC invocations=60 (full 0):
 garbage-first heap   total 281600K, used 140346K [0x0000000080000000, 0x0000000100000000)
  region size 1024K, 6 young (6144K), 6 survivors (6144K)
 Metaspace       used 151557K, committed 152576K, reserved 1245184K
  class space    used 20907K, committed 21376K, reserved 1048576K
}
Event: 1200.866 GC heap before
{Heap before GC invocations=60 (full 0):
 garbage-first heap   total 281600K, used 146490K [0x0000000080000000, 0x0000000100000000)
  region size 1024K, 13 young (13312K), 6 survivors (6144K)
 Metaspace       used 151679K, committed 152640K, reserved 1245184K
  class space    used 20923K, committed 21376K, reserved 1048576K
}
Event: 1200.887 GC heap after
{Heap after GC invocations=61 (full 0):
 garbage-first heap   total 281600K, used 129325K [0x0000000080000000, 0x0000000100000000)
  region size 1024K, 1 young (1024K), 1 survivors (1024K)
 Metaspace       used 151679K, committed 152640K, reserved 1245184K
  class space    used 20923K, committed 21376K, reserved 1048576K
}
Event: 1201.203 GC heap before
{Heap before GC invocations=61 (full 0):
 garbage-first heap   total 281600K, used 161069K [0x0000000080000000, 0x0000000100000000)
  region size 1024K, 34 young (34816K), 1 survivors (1024K)
 Metaspace       used 152279K, committed 153216K, reserved 1245184K
  class space    used 20988K, committed 21440K, reserved 1048576K
}
Event: 1201.204 GC heap after
{Heap after GC invocations=62 (full 0):
 garbage-first heap   total 281600K, used 129356K [0x0000000080000000, 0x0000000100000000)
  region size 1024K, 1 young (1024K), 1 survivors (1024K)
 Metaspace       used 152279K, committed 153216K, reserved 1245184K
  class space    used 20988K, committed 21440K, reserved 1048576K
}
Event: 1460.925 GC heap before
{Heap before GC invocations=63 (full 0):
 garbage-first heap   total 281600K, used 248140K [0x0000000080000000, 0x0000000100000000)
  region size 1024K, 102 young (104448K), 1 survivors (1024K)
 Metaspace       used 152729K, committed 153792K, reserved 1245184K
  class space    used 21021K, committed 21504K, reserved 1048576K
}
Event: 1460.995 GC heap after
{Heap after GC invocations=64 (full 0):
 garbage-first heap   total 281600K, used 142575K [0x0000000080000000, 0x0000000100000000)
  region size 1024K, 13 young (13312K), 13 survivors (13312K)
 Metaspace       used 152729K, committed 153792K, reserved 1245184K
  class space    used 21021K, committed 21504K, reserved 1048576K
}
Event: 1461.005 GC heap before
{Heap before GC invocations=64 (full 0):
 garbage-first heap   total 281600K, used 143599K [0x0000000080000000, 0x0000000100000000)
  region size 1024K, 14 young (14336K), 13 survivors (13312K)
 Metaspace       used 152729K, committed 153792K, reserved 1245184K
  class space    used 21021K, committed 21504K, reserved 1048576K
}
Event: 1461.051 GC heap after
{Heap after GC invocations=65 (full 0):
 garbage-first heap   total 281600K, used 134807K [0x0000000080000000, 0x0000000100000000)
  region size 1024K, 1 young (1024K), 1 survivors (1024K)
 Metaspace       used 152729K, committed 153792K, reserved 1245184K
  class space    used 21021K, committed 21504K, reserved 1048576K
}
Event: 1461.743 GC heap before
{Heap before GC invocations=65 (full 0):
 garbage-first heap   total 281600K, used 213655K [0x0000000080000000, 0x0000000100000000)
  region size 1024K, 80 young (81920K), 1 survivors (1024K)
 Metaspace       used 153128K, committed 154176K, reserved 1245184K
  class space    used 21038K, committed 21504K, reserved 1048576K
}

