# JRE version: OpenJDK Runtime Environment (21.0.3) (build 21.0.3+-12282718-b509.11)
# Java VM: OpenJDK 64-Bit Server VM (21.0.3+-12282718-b509.11, mixed mode, tiered, compressed oops, compressed class ptrs, g1 gc, windows-amd64)
GC Precious Log:
 CardTable entry size: 512
 Card Set container configuration: InlinePtr #cards 5 size 8 Array Of Cards #cards 12 size 40 Howl #buckets 4 coarsen threshold 1843 Howl Bitmap #cards 512 size 80 coarsen threshold 460 Card regions per heap region 1 cards per card region 2048
 CPUs: 12 total, 12 available
 Memory: 16005M
 Large Page Support: Disabled
 NUMA Support: Disabled
 Compressed Oops: Enabled (32-bit)
 Heap Region Size: 1M
 Heap Min Capacity: 8M
 Heap Initial Capacity: 252M
 Heap Max Capacity: 2G
 Pre-touch: Disabled
 Parallel Workers: 10
 Concurrent Workers: 3
 Concurrent Refinement Workers: 10
 Periodic GC: Disabled
Heap:
 garbage-first heap   total 268288K, used 182732K [0x0000000080000000, 0x0000000100000000)
  region size 1024K, 10 young (10240K), 7 survivors (7168K)
 Metaspace       used 143614K, committed 147264K, reserved 1179648K
  class space    used 18829K, committed 20544K, reserved 1048576K
GC Heap History (20 events):
Event: 922.985 GC heap before
{Heap before GC invocations=43 (full 0):
 garbage-first heap   total 224256K, used 198814K [0x0000000080000000, 0x0000000100000000)
  region size 1024K, 73 young (74752K), 4 survivors (4096K)
 Metaspace       used 141535K, committed 143744K, reserved 1179648K
  class space    used 19143K, committed 20224K, reserved 1048576K
}
Event: 922.990 GC heap after
{Heap after GC invocations=44 (full 0):
 garbage-first heap   total 224256K, used 130393K [0x0000000080000000, 0x0000000100000000)
  region size 1024K, 5 young (5120K), 5 survivors (5120K)
 Metaspace       used 141535K, committed 143744K, reserved 1179648K
  class space    used 19143K, committed 20224K, reserved 1048576K
}
Event: 1401.809 GC heap before
{Heap before GC invocations=44 (full 0):
 garbage-first heap   total 224256K, used 222553K [0x0000000080000000, 0x0000000100000000)
  region size 1024K, 50 young (51200K), 5 survivors (5120K)
 Metaspace       used 143856K, committed 146048K, reserved 1179648K
  class space    used 19431K, committed 20544K, reserved 1048576K
}
Event: 1401.831 GC heap after
{Heap after GC invocations=45 (full 0):
 garbage-first heap   total 237568K, used 127033K [0x0000000080000000, 0x0000000100000000)
  region size 1024K, 7 young (7168K), 7 survivors (7168K)
 Metaspace       used 143856K, committed 146048K, reserved 1179648K
  class space    used 19431K, committed 20544K, reserved 1048576K
}
Event: 1892.617 GC heap before
{Heap before GC invocations=45 (full 0):
 garbage-first heap   total 237568K, used 215097K [0x0000000080000000, 0x0000000100000000)
  region size 1024K, 94 young (96256K), 7 survivors (7168K)
 Metaspace       used 144111K, committed 146368K, reserved 1179648K
  class space    used 19434K, committed 20544K, reserved 1048576K
}
Event: 1892.641 GC heap after
{Heap after GC invocations=46 (full 0):
 garbage-first heap   total 237568K, used 135855K [0x0000000080000000, 0x0000000100000000)
  region size 1024K, 12 young (12288K), 12 survivors (12288K)
 Metaspace       used 144111K, committed 146368K, reserved 1179648K
  class space    used 19434K, committed 20544K, reserved 1048576K
}
Event: 1895.232 GC heap before
{Heap before GC invocations=47 (full 0):
 garbage-first heap   total 237568K, used 212655K [0x0000000080000000, 0x0000000100000000)
  region size 1024K, 86 young (88064K), 12 survivors (12288K)
 Metaspace       used 144675K, committed 146880K, reserved 1179648K
  class space    used 19434K, committed 20544K, reserved 1048576K
}
Event: 1895.247 GC heap after
{Heap after GC invocations=48 (full 0):
 garbage-first heap   total 237568K, used 141068K [0x0000000080000000, 0x0000000100000000)
  region size 1024K, 4 young (4096K), 4 survivors (4096K)
 Metaspace       used 144675K, committed 146880K, reserved 1179648K
  class space    used 19434K, committed 20544K, reserved 1048576K
}
Event: 2750.335 GC heap before
{Heap before GC invocations=48 (full 0):
 garbage-first heap   total 237568K, used 217868K [0x0000000080000000, 0x0000000100000000)
  region size 1024K, 80 young (81920K), 4 survivors (4096K)
 Metaspace       used 144879K, committed 147136K, reserved 1179648K
  class space    used 19436K, committed 20544K, reserved 1048576K
}
Event: 2750.359 GC heap after
{Heap after GC invocations=49 (full 0):
 garbage-first heap   total 237568K, used 135704K [0x0000000080000000, 0x0000000100000000)
  region size 1024K, 8 young (8192K), 8 survivors (8192K)
 Metaspace       used 144879K, committed 147136K, reserved 1179648K
  class space    used 19436K, committed 20544K, reserved 1048576K
}
Event: 2750.749 GC heap before
{Heap before GC invocations=49 (full 0):
 garbage-first heap   total 237568K, used 167448K [0x0000000080000000, 0x0000000100000000)
  region size 1024K, 41 young (41984K), 8 survivors (8192K)
 Metaspace       used 144938K, committed 147136K, reserved 1179648K
  class space    used 19436K, committed 20544K, reserved 1048576K
}
Event: 2750.757 GC heap after
{Heap after GC invocations=50 (full 0):
 garbage-first heap   total 237568K, used 142052K [0x0000000080000000, 0x0000000100000000)
  region size 1024K, 7 young (7168K), 7 survivors (7168K)
 Metaspace       used 144938K, committed 147136K, reserved 1179648K
  class space    used 19436K, committed 20544K, reserved 1048576K
}
Event: 2751.403 GC heap before
{Heap before GC invocations=51 (full 0):
 garbage-first heap   total 264192K, used 258788K [0x0000000080000000, 0x0000000100000000)
  region size 1024K, 76 young (77824K), 7 survivors (7168K)
 Metaspace       used 143025K, committed 147200K, reserved 1179648K
  class space    used 18869K, committed 20544K, reserved 1048576K
}
Event: 2751.407 GC heap after
{Heap after GC invocations=52 (full 0):
 garbage-first heap   total 267264K, used 176936K [0x0000000080000000, 0x0000000100000000)
  region size 1024K, 3 young (3072K), 3 survivors (3072K)
 Metaspace       used 143025K, committed 147200K, reserved 1179648K
  class space    used 18869K, committed 20544K, reserved 1048576K
}
Event: 3346.863 GC heap before
{Heap before GC invocations=52 (full 0):
 garbage-first heap   total 267264K, used 246568K [0x0000000080000000, 0x0000000100000000)
  region size 1024K, 72 young (73728K), 3 survivors (3072K)
 Metaspace       used 143143K, committed 147200K, reserved 1179648K
  class space    used 18871K, committed 20544K, reserved 1048576K
}
Event: 3346.879 GC heap after
{Heap after GC invocations=53 (full 0):
 garbage-first heap   total 267264K, used 129400K [0x0000000080000000, 0x0000000100000000)
  region size 1024K, 6 young (6144K), 6 survivors (6144K)
 Metaspace       used 143143K, committed 147200K, reserved 1179648K
  class space    used 18871K, committed 20544K, reserved 1048576K
}
Event: 3347.803 GC heap before
{Heap before GC invocations=53 (full 0):
 garbage-first heap   total 267264K, used 238968K [0x0000000080000000, 0x0000000100000000)
  region size 1024K, 112 young (114688K), 6 survivors (6144K)
 Metaspace       used 143699K, committed 147264K, reserved 1179648K
  class space    used 18874K, committed 20544K, reserved 1048576K
}
Event: 3347.814 GC heap after
{Heap after GC invocations=54 (full 0):
 garbage-first heap   total 267264K, used 137140K [0x0000000080000000, 0x0000000100000000)
  region size 1024K, 13 young (13312K), 13 survivors (13312K)
 Metaspace       used 143699K, committed 147264K, reserved 1179648K
  class space    used 18874K, committed 20544K, reserved 1048576K
}
Event: 3347.875 GC heap before
{Heap before GC invocations=54 (full 0):
 garbage-first heap   total 267264K, used 141236K [0x0000000080000000, 0x0000000100000000)
  region size 1024K, 19 young (19456K), 13 survivors (13312K)
 Metaspace       used 143767K, committed 147264K, reserved 1179648K
  class space    used 18874K, committed 20544K, reserved 1048576K
}
Event: 3347.881 GC heap after
{Heap after GC invocations=55 (full 0):
 garbage-first heap   total 267264K, used 135628K [0x0000000080000000, 0x0000000100000000)
  region size 1024K, 7 young (7168K), 7 survivors (7168K)
 Metaspace       used 143767K, committed 147264K, reserved 1179648K
  class space    used 18874K, committed 20544K, reserved 1048576K
}

